# Logfile created on Wed Mar 10 08:19:24 -0800 2010

Processing WelcomeController#index (for 127.0.0.1 at 2010-03-10 08:20:51) [GET]
Rendering welcome/index
Completed in 32ms (View: 31, DB: 0) | 200 OK [http://localhost/welcome]


Processing WelcomeController#index (for 127.0.0.1 at 2010-03-10 08:22:47) [GET]
Rendering welcome/index
Completed in 2ms (View: 1, DB: 0) | 200 OK [http://localhost/]


Processing WelcomeController#index (for 127.0.0.1 at 2010-03-10 08:24:22) [GET]
Rendering welcome/index
Completed in 4ms (View: 3, DB: 0) | 200 OK [http://localhost/]


Processing WelcomeController#index (for 127.0.0.1 at 2010-03-10 08:36:26) [GET]
Rendering welcome/index
Completed in 4ms (View: 3, DB: 0) | 200 OK [http://localhost/]


Processing WelcomeController#index (for 127.0.0.1 at 2010-03-10 08:37:41) [GET]
Rendering welcome/index
Completed in 5ms (View: 3, DB: 0) | 200 OK [http://localhost/]


Processing WelcomeController#index (for 127.0.0.1 at 2010-03-10 08:39:21) [GET]
Rendering welcome/index
Completed in 5ms (View: 3, DB: 0) | 200 OK [http://localhost/]


Processing WelcomeController#index (for 127.0.0.1 at 2010-03-10 08:39:50) [GET]
Rendering welcome/index
Completed in 4ms (View: 3, DB: 0) | 200 OK [http://localhost/]


Processing WelcomeController#index (for 127.0.0.1 at 2010-03-10 08:39:52) [GET]
Rendering welcome/index
Completed in 2ms (View: 1, DB: 0) | 200 OK [http://localhost/]


Processing WelcomeController#index (for 127.0.0.1 at 2010-03-10 08:39:53) [GET]
Rendering welcome/index
Completed in 2ms (View: 1, DB: 0) | 200 OK [http://localhost/]


Processing WelcomeController#index (for 127.0.0.1 at 2010-03-10 08:40:07) [GET]
Rendering welcome/index
Completed in 5ms (View: 3, DB: 0) | 200 OK [http://localhost/]


Processing WelcomeController#index (for 127.0.0.1 at 2010-03-10 08:40:08) [GET]
Rendering welcome/index
Completed in 2ms (View: 1, DB: 0) | 200 OK [http://localhost/]


Processing WelcomeController#index (for 127.0.0.1 at 2010-03-10 08:42:18) [GET]
Rendering welcome/index
Completed in 5ms (View: 3, DB: 0) | 200 OK [http://localhost/]


Processing WelcomeController#index (for 127.0.0.1 at 2010-03-10 08:42:34) [GET]
Rendering welcome/index
Completed in 4ms (View: 3, DB: 0) | 200 OK [http://localhost/]


Processing WelcomeController#index (for 127.0.0.1 at 2010-03-10 08:43:17) [GET]
Rendering welcome/index
Completed in 5ms (View: 3, DB: 0) | 200 OK [http://localhost/]


Processing WelcomeController#index (for 127.0.0.1 at 2010-03-10 08:54:24) [GET]
Rendering welcome/index
Completed in 6ms (View: 4, DB: 0) | 200 OK [http://localhost/]


Processing WelcomeController#index (for 127.0.0.1 at 2010-03-10 08:54:48) [GET]
Rendering welcome/index
Completed in 5ms (View: 3, DB: 0) | 200 OK [http://localhost/]


Processing WelcomeController#index (for 127.0.0.1 at 2010-03-10 08:55:05) [GET]
Rendering welcome/index
Completed in 5ms (View: 3, DB: 0) | 200 OK [http://localhost/]


Processing WelcomeController#index (for 127.0.0.1 at 2010-03-10 08:55:34) [GET]
Rendering welcome/index
Completed in 5ms (View: 3, DB: 0) | 200 OK [http://localhost/]


Processing WelcomeController#index (for 127.0.0.1 at 2010-03-10 08:55:47) [GET]
Rendering welcome/index
Completed in 4ms (View: 3, DB: 0) | 200 OK [http://localhost/]


Processing WelcomeController#index (for 127.0.0.1 at 2010-03-13 10:53:31) [GET]
Rendering welcome/index
Completed in 150ms (View: 148, DB: 0) | 200 OK [http://localhost/]


Processing WelcomeController#index (for 127.0.0.1 at 2010-03-13 10:55:53) [GET]
Rendering welcome/index
Completed in 2ms (View: 1, DB: 0) | 200 OK [http://localhost/]


Processing WelcomeController#index (for 127.0.0.1 at 2010-03-13 10:57:24) [GET]
Rendering welcome/index
Completed in 2ms (View: 1, DB: 0) | 200 OK [http://localhost/]


Processing WelcomeController#index (for 127.0.0.1 at 2010-03-13 11:04:28) [GET]
Rendering welcome/index
Completed in 5ms (View: 4, DB: 0) | 200 OK [http://localhost/]


Processing WelcomeController#index (for 127.0.0.1 at 2010-03-13 11:07:42) [GET]
Rendering welcome/index
Completed in 6ms (View: 4, DB: 0) | 200 OK [http://localhost/]


Processing WelcomeController#index (for 127.0.0.1 at 2010-03-13 11:12:38) [GET]
Rendering welcome/index
Completed in 5ms (View: 4, DB: 0) | 200 OK [http://localhost/]


Processing WelcomeController#index (for 127.0.0.1 at 2010-03-20 08:37:32) [GET]
Rendering welcome/index
Completed in 72ms (View: 71, DB: 0) | 200 OK [http://localhost/]


Processing WelcomeController#index (for 127.0.0.1 at 2010-03-20 08:39:28) [GET]
Rendering welcome/index
Completed in 5ms (View: 4, DB: 0) | 200 OK [http://localhost/]


Processing WelcomeController#index (for 127.0.0.1 at 2010-03-20 08:42:05) [GET]
Rendering welcome/index
Completed in 5ms (View: 4, DB: 0) | 200 OK [http://localhost/]


Processing WelcomeController#index (for 127.0.0.1 at 2010-03-20 08:42:11) [GET]
Rendering welcome/index
Completed in 5ms (View: 4, DB: 0) | 200 OK [http://localhost/]


Processing WelcomeController#index (for 127.0.0.1 at 2010-03-20 08:46:05) [GET]
Rendering welcome/index
Completed in 6ms (View: 4, DB: 0) | 200 OK [http://localhost/]


Processing WelcomeController#index (for 127.0.0.1 at 2010-03-20 08:47:35) [GET]
Rendering welcome/index
Completed in 63ms (View: 61, DB: 0) | 200 OK [http://localhost/]


Processing WelcomeController#index (for 127.0.0.1 at 2010-03-20 08:49:00) [GET]
Rendering welcome/index
Completed in 5ms (View: 4, DB: 0) | 200 OK [http://localhost/]


Processing WelcomeController#index (for 127.0.0.1 at 2010-03-20 08:49:38) [GET]
Rendering welcome/index
Completed in 5ms (View: 3, DB: 0) | 200 OK [http://localhost/]


Processing WelcomeController#index (for 127.0.0.1 at 2010-03-20 09:02:35) [GET]
Rendering welcome/index
Completed in 5ms (View: 4, DB: 0) | 200 OK [http://localhost/]


Processing WelcomeController#index (for 127.0.0.1 at 2010-03-20 09:02:39) [GET]
Rendering welcome/index
Completed in 2ms (View: 1, DB: 0) | 200 OK [http://localhost/]


Processing WelcomeController#index (for 127.0.0.1 at 2010-03-21 07:47:51) [GET]
Rendering welcome/index
Completed in 5ms (View: 4, DB: 0) | 200 OK [http://localhost/]


Processing WelcomeController#index (for 127.0.0.1 at 2010-03-21 07:50:32) [GET]
Rendering welcome/index
Completed in 5ms (View: 4, DB: 0) | 200 OK [http://localhost/]


Processing WelcomeController#index (for 127.0.0.1 at 2010-03-21 07:51:59) [GET]
Rendering welcome/index
Completed in 5ms (View: 4, DB: 0) | 200 OK [http://localhost/]


Processing WelcomeController#index (for 127.0.0.1 at 2010-03-21 07:53:03) [GET]
Rendering welcome/index
Completed in 5ms (View: 4, DB: 0) | 200 OK [http://localhost/]


Processing WelcomeController#index (for 127.0.0.1 at 2010-03-21 07:55:20) [GET]
Rendering welcome/index
Completed in 6ms (View: 4, DB: 0) | 200 OK [http://localhost/]


Processing WelcomeController#index (for 127.0.0.1 at 2010-03-21 07:57:05) [GET]
Rendering welcome/index
Completed in 6ms (View: 5, DB: 0) | 200 OK [http://localhost/]


Processing WelcomeController#index (for 127.0.0.1 at 2010-03-21 07:57:07) [GET]
Rendering welcome/index
Completed in 2ms (View: 1, DB: 0) | 200 OK [http://localhost/]


Processing WelcomeController#index (for 127.0.0.1 at 2010-03-21 07:57:30) [GET]
Rendering welcome/index
Completed in 5ms (View: 4, DB: 0) | 200 OK [http://localhost/]


Processing WelcomeController#index (for 127.0.0.1 at 2010-03-21 07:58:36) [GET]
Rendering welcome/index
Completed in 5ms (View: 4, DB: 0) | 200 OK [http://localhost/]


Processing WelcomeController#index (for 127.0.0.1 at 2010-03-23 22:57:34) [GET]
Rendering welcome/index
Completed in 9ms (View: 1, DB: 0) | 200 OK [http://localhost/]


Processing WelcomeController#index (for 127.0.0.1 at 2010-03-23 22:58:49) [GET]
Rendering welcome/index
Completed in 7ms (View: 5, DB: 0) | 200 OK [http://localhost/]


Processing WelcomeController#index (for 127.0.0.1 at 2010-03-23 22:59:17) [GET]
Rendering welcome/index
Completed in 6ms (View: 5, DB: 0) | 200 OK [http://localhost/]


Processing WelcomeController#index (for 127.0.0.1 at 2010-03-23 23:00:17) [GET]
Rendering welcome/index
Completed in 211ms (View: 210, DB: 0) | 200 OK [http://localhost/]


Processing WelcomeController#index (for 127.0.0.1 at 2010-03-23 23:00:26) [GET]
Rendering welcome/index
Completed in 7ms (View: 5, DB: 0) | 200 OK [http://localhost/]


Processing WelcomeController#index (for 127.0.0.1 at 2010-03-23 23:01:31) [GET]
Rendering welcome/index
Completed in 5ms (View: 4, DB: 0) | 200 OK [http://localhost/]


Processing WelcomeController#index (for 127.0.0.1 at 2010-03-23 23:03:08) [GET]
Rendering welcome/index
Completed in 7ms (View: 5, DB: 0) | 200 OK [http://localhost/]


Processing WelcomeController#index (for 127.0.0.1 at 2010-03-23 23:06:51) [GET]
Rendering welcome/index
Completed in 7ms (View: 5, DB: 0) | 200 OK [http://localhost/]


Processing WelcomeController#index (for 127.0.0.1 at 2010-03-23 23:07:22) [GET]
Rendering welcome/index
Completed in 6ms (View: 5, DB: 0) | 200 OK [http://localhost/]


Processing WelcomeController#index (for 127.0.0.1 at 2010-03-23 23:07:44) [GET]
Rendering welcome/index
Completed in 6ms (View: 4, DB: 0) | 200 OK [http://localhost/]


Processing WelcomeController#index (for 127.0.0.1 at 2010-03-23 23:07:53) [GET]
Rendering welcome/index
Completed in 24ms (View: 23, DB: 0) | 200 OK [http://localhost/]


Processing WelcomeController#index (for 127.0.0.1 at 2010-03-23 23:07:58) [GET]
Rendering welcome/index
Completed in 6ms (View: 4, DB: 0) | 200 OK [http://localhost/]


Processing WelcomeController#index (for 127.0.0.1 at 2010-03-23 23:09:32) [GET]
Rendering welcome/index
Completed in 5ms (View: 4, DB: 0) | 200 OK [http://localhost/]


Processing WelcomeController#index (for 127.0.0.1 at 2010-03-23 23:09:55) [GET]
Rendering welcome/index
Completed in 5ms (View: 4, DB: 0) | 200 OK [http://localhost/]


Processing WelcomeController#index (for 127.0.0.1 at 2010-03-23 23:11:28) [GET]
Rendering welcome/index
Completed in 6ms (View: 5, DB: 0) | 200 OK [http://localhost/]


Processing WelcomeController#index (for 127.0.0.1 at 2010-03-23 23:14:34) [GET]
Rendering welcome/index
Completed in 5ms (View: 4, DB: 0) | 200 OK [http://localhost/]


Processing WelcomeController#index (for 127.0.0.1 at 2010-03-23 23:14:58) [GET]
Rendering welcome/index
Completed in 66ms (View: 4, DB: 0) | 200 OK [http://localhost/]


Processing WelcomeController#index (for 127.0.0.1 at 2010-03-23 23:16:56) [GET]
Rendering welcome/index
Completed in 5ms (View: 4, DB: 0) | 200 OK [http://localhost/]


Processing WelcomeController#index (for 127.0.0.1 at 2010-03-23 23:17:30) [GET]
Rendering welcome/index
Completed in 5ms (View: 4, DB: 0) | 200 OK [http://localhost/]


Processing WelcomeController#index (for 127.0.0.1 at 2010-03-23 23:17:42) [GET]
Rendering welcome/index
Completed in 6ms (View: 5, DB: 0) | 200 OK [http://localhost/]


Processing WelcomeController#index (for 127.0.0.1 at 2010-03-23 23:17:50) [GET]
Rendering welcome/index
Completed in 5ms (View: 4, DB: 0) | 200 OK [http://localhost/]


Processing WelcomeController#index (for 127.0.0.1 at 2010-03-23 23:17:55) [GET]
Rendering welcome/index
Completed in 7ms (View: 5, DB: 0) | 200 OK [http://localhost/]


Processing WelcomeController#index (for 127.0.0.1 at 2010-03-23 23:18:54) [GET]
Rendering welcome/index
Completed in 5ms (View: 4, DB: 0) | 200 OK [http://localhost/]


Processing ApplicationController#index (for 127.0.0.1 at 2010-03-23 23:23:26) [GET]

LoadError (Expected /Users/srenaker/dev/renakersite/app/controllers/gallery_controller.rb to define GalleryController):
  /System/Library/Frameworks/Ruby.framework/Versions/1.8/usr/lib/ruby/1.8/webrick/httpserver.rb:104:in `service'
  /System/Library/Frameworks/Ruby.framework/Versions/1.8/usr/lib/ruby/1.8/webrick/httpserver.rb:65:in `run'
  /System/Library/Frameworks/Ruby.framework/Versions/1.8/usr/lib/ruby/1.8/webrick/server.rb:173:in `start_thread'
  /System/Library/Frameworks/Ruby.framework/Versions/1.8/usr/lib/ruby/1.8/webrick/server.rb:162:in `start'
  /System/Library/Frameworks/Ruby.framework/Versions/1.8/usr/lib/ruby/1.8/webrick/server.rb:162:in `start_thread'
  /System/Library/Frameworks/Ruby.framework/Versions/1.8/usr/lib/ruby/1.8/webrick/server.rb:95:in `start'
  /System/Library/Frameworks/Ruby.framework/Versions/1.8/usr/lib/ruby/1.8/webrick/server.rb:92:in `each'
  /System/Library/Frameworks/Ruby.framework/Versions/1.8/usr/lib/ruby/1.8/webrick/server.rb:92:in `start'
  /System/Library/Frameworks/Ruby.framework/Versions/1.8/usr/lib/ruby/1.8/webrick/server.rb:23:in `start'
  /System/Library/Frameworks/Ruby.framework/Versions/1.8/usr/lib/ruby/1.8/webrick/server.rb:82:in `start'

Rendered rescues/_trace (27.4ms)
Rendered rescues/_request_and_response (54.9ms)
Rendering rescues/layout (internal_server_error)


Processing GalleryController#index (for 127.0.0.1 at 2010-03-23 23:23:50) [GET]
Rendering gallery/index
Completed in 162ms (View: 160, DB: 0) | 200 OK [http://localhost/gallery]


Processing WelcomeController#index (for 127.0.0.1 at 2010-03-23 23:30:04) [GET]
Rendering welcome/index
Completed in 5ms (View: 3, DB: 0) | 200 OK [http://localhost/]


Processing WelcomeController#index (for 127.0.0.1 at 2010-03-23 23:30:06) [GET]
Rendering welcome/index
Completed in 2ms (View: 1, DB: 0) | 200 OK [http://localhost/]


Processing GalleryController#index (for 127.0.0.1 at 2010-03-23 23:31:06) [GET]
Rendering gallery/index
Completed in 5ms (View: 3, DB: 0) | 200 OK [http://localhost/gallery]


Processing GalleryController#index (for 127.0.0.1 at 2010-03-23 23:31:21) [GET]
Rendering gallery/index
Completed in 5ms (View: 4, DB: 0) | 200 OK [http://localhost/gallery]


Processing GalleryController#index (for 127.0.0.1 at 2010-03-24 17:33:27) [GET]
Rendering gallery/index
Completed in 4ms (View: 3, DB: 0) | 200 OK [http://localhost/gallery]


Processing GalleryController#index (for 127.0.0.1 at 2010-03-24 17:33:41) [GET]
Rendering gallery/index
Completed in 4ms (View: 3, DB: 0) | 200 OK [http://localhost/gallery]


Processing WelcomeController#index (for 127.0.0.1 at 2010-03-24 17:33:48) [GET]
Rendering welcome/index
Completed in 5ms (View: 3, DB: 0) | 200 OK [http://localhost/]


Processing GalleryController#index (for 127.0.0.1 at 2010-03-24 17:33:53) [GET]
Rendering gallery/index
Completed in 2ms (View: 1, DB: 0) | 200 OK [http://localhost/gallery]


Processing GalleryController#index (for 127.0.0.1 at 2010-03-24 17:40:16) [GET]
Rendering gallery/index
Completed in 4ms (View: 3, DB: 0) | 200 OK [http://localhost/gallery]


Processing GalleryController#index (for 127.0.0.1 at 2010-03-24 17:41:12) [GET]
Rendering gallery/index
Completed in 5ms (View: 3, DB: 0) | 200 OK [http://localhost/gallery]


Processing GalleryController#index (for 127.0.0.1 at 2010-03-24 17:41:57) [GET]
Rendering gallery/index
Completed in 2ms (View: 1, DB: 0) | 200 OK [http://localhost/gallery]


Processing WelcomeController#index (for 127.0.0.1 at 2010-03-24 17:43:00) [GET]
Rendering welcome/index
Completed in 2ms (View: 1, DB: 0) | 200 OK [http://localhost/]


Processing GalleryController#index (for 127.0.0.1 at 2010-03-24 17:45:19) [GET]
Rendering gallery/index
Completed in 5ms (View: 3, DB: 0) | 200 OK [http://localhost/gallery]


Processing GalleryController#index (for 127.0.0.1 at 2010-03-24 17:47:40) [GET]
Rendering gallery/index
Completed in 5ms (View: 3, DB: 0) | 200 OK [http://localhost/gallery]


Processing GalleryController#index (for 127.0.0.1 at 2010-03-24 17:48:08) [GET]
Rendering gallery/index
Completed in 5ms (View: 4, DB: 0) | 200 OK [http://localhost/gallery]


Processing GalleryController#index (for 127.0.0.1 at 2010-03-24 17:50:45) [GET]
Rendering gallery/index
Completed in 14ms (View: 13, DB: 0) | 200 OK [http://localhost/gallery]


Processing GalleryController#index (for 127.0.0.1 at 2010-03-24 17:51:11) [GET]
Rendering gallery/index
Completed in 5ms (View: 4, DB: 0) | 200 OK [http://localhost/gallery]


Processing GalleryController#index (for 127.0.0.1 at 2010-03-24 17:51:13) [GET]
Rendering gallery/index
Completed in 2ms (View: 1, DB: 0) | 200 OK [http://localhost/gallery]


Processing GalleryController#index (for 127.0.0.1 at 2010-03-24 17:51:31) [GET]
Rendering gallery/index
Completed in 5ms (View: 3, DB: 0) | 200 OK [http://localhost/gallery]


Processing GalleryController#index (for 127.0.0.1 at 2010-03-24 17:51:32) [GET]
Rendering gallery/index
Completed in 2ms (View: 1, DB: 0) | 200 OK [http://localhost/gallery]


Processing GalleryController#index (for 127.0.0.1 at 2010-03-24 17:51:44) [GET]
Rendering gallery/index
Completed in 5ms (View: 3, DB: 0) | 200 OK [http://localhost/gallery]


Processing GalleryController#index (for 127.0.0.1 at 2010-03-24 17:51:45) [GET]
Rendering gallery/index
Completed in 3ms (View: 1, DB: 0) | 200 OK [http://localhost/gallery]


Processing GalleryController#index (for 127.0.0.1 at 2010-03-24 17:52:45) [GET]
Rendering gallery/index
Completed in 5ms (View: 4, DB: 0) | 200 OK [http://localhost/gallery]


Processing GalleryController#index (for 127.0.0.1 at 2010-03-24 17:53:10) [GET]
Rendering gallery/index
Completed in 4ms (View: 3, DB: 0) | 200 OK [http://localhost/gallery]


Processing GalleryController#index (for 127.0.0.1 at 2010-03-24 17:55:12) [GET]
Rendering gallery/index
Completed in 17ms (View: 16, DB: 0) | 200 OK [http://localhost/gallery]


Processing GalleryController#index (for 127.0.0.1 at 2010-03-24 17:55:19) [GET]
Rendering gallery/index
Completed in 5ms (View: 4, DB: 0) | 200 OK [http://localhost/gallery]


Processing GalleryController#index (for 127.0.0.1 at 2010-03-24 17:55:29) [GET]
Rendering gallery/index
Completed in 5ms (View: 4, DB: 0) | 200 OK [http://localhost/gallery]


Processing GalleryController#index (for 127.0.0.1 at 2010-03-24 17:55:38) [GET]
Rendering gallery/index
Completed in 6ms (View: 5, DB: 0) | 200 OK [http://localhost/gallery]


Processing GalleryController#index (for 127.0.0.1 at 2010-03-24 17:55:47) [GET]
Rendering gallery/index
Completed in 5ms (View: 3, DB: 0) | 200 OK [http://localhost/gallery]


Processing GalleryController#index (for 127.0.0.1 at 2010-03-24 17:55:57) [GET]
Rendering gallery/index
Completed in 4ms (View: 3, DB: 0) | 200 OK [http://localhost/gallery]


Processing GalleryController#index (for 127.0.0.1 at 2010-03-24 18:00:10) [GET]
Rendering gallery/index
Completed in 23ms (View: 21, DB: 0) | 200 OK [http://localhost/gallery]
